<?xml version="1.0" encoding="utf-8"?><testsuites name="pytest tests"><testsuite name="pytest" errors="0" failures="0" skipped="0" tests="14" time="3.026" timestamp="2026-08-02T10:58:43.783466+00:00" hostname="agent-env-14ef8c5e-8385-4d6f-abc9-00e3d9945f1a"><testcase classname="tests.test_hospital_staff_schedule.TestSlotsScope" name="test_slots_for_cardio_monday" time="0.143" /><testcase classname="tests.test_hospital_staff_schedule.TestSlotsScope" name="test_slots_for_neuro_monday_different_from_cardio" time="0.336" /><testcase classname="tests.test_hospital_staff_schedule.TestPerStaffAvailability" name="test_get_staff_availability_returns_only_its_rules" time="0.482" /><testcase classname="tests.test_hospital_staff_schedule.TestPerStaffAvailability" name="test_post_and_delete_staff_rule" time="0.775" /><testcase classname="tests.test_hospital_staff_schedule.TestSlotsScope" name="test_slots_fallback_to_hospital_default" time="0.711" /><testcase classname="tests.test_hospital_staff_schedule.TestSlotsScope" name="test_slots_without_staff_id_is_provider_scope" time="0.136" /><testcase classname="tests.test_hospital_staff_schedule.TestPerStaffAvailability" name="test_delete_staff_rule_wrong_staff_denied" time="0.429" /><testcase classname="tests.test_hospital_staff_schedule.TestAdminRegression" name="test_admin_stats" time="0.195" /><testcase classname="tests.test_hospital_staff_schedule.TestAdminRegression" name="test_admin_subscription_analytics" time="0.144" /><testcase classname="tests.test_hospital_staff_schedule.TestAdminRegression" name="test_admin_referrals" time="0.107" /><testcase classname="tests.test_hospital_staff_schedule.TestPerStaffAvailability" name="test_provider_wide_availability_no_leak" time="0.109" /><testcase classname="tests.test_hospital_staff_schedule.TestNonHospitalDefault" name="test_quickwheels_default_mon_sat_09_18" time="0.099" /><testcase classname="tests.test_hospital_staff_schedule.TestBookingWithStaff" name="test_booking_valid_shift_for_staff" time="0.599" /><testcase classname="tests.test_hospital_staff_schedule.TestBookingWithStaff" name="test_booking_invalid_shift_for_staff_rejected" time="0.096" /></testsuite></testsuites>