<?xml version="1.0" encoding="utf-8"?><testsuites name="pytest tests"><testsuite name="pytest" errors="0" failures="3" skipped="0" tests="6" time="2.007" timestamp="2026-08-02T16:22:45.811663+00:00" hostname="agent-env-14ef8c5e-8385-4d6f-abc9-00e3d9945f1a"><testcase classname="tests.test_iter42.TestCategoryNameInResponses" name="test_providers_me_has_category_name" time="0.514"><failure message="AssertionError: {&quot;detail&quot;:&quot;Not found&quot;}&#10;assert 404 == 200&#10; +  where 404 = &lt;Response [404]&gt;.status_code">backend/tests/test_iter42.py:44: in test_providers_me_has_category_name
    assert r.status_code == 200, r.text
E   AssertionError: {"detail":"Not found"}
E   assert 404 == 200
E    +  where 404 = &lt;Response [404]&gt;.status_code</failure></testcase><testcase classname="tests.test_iter42.TestCategoryNameInResponses" name="test_public_provider_has_category_name" time="0.590" /><testcase classname="tests.test_iter42.TestSearchProvidersByDistance" name="test_search_with_lat_lng_returns_sorted_by_distance" time="1.209"><failure message="AssertionError: empty results: []&#10;assert (True and 0 &gt; 0)&#10; +  where True = isinstance([], list)&#10; +  and   0 = len([])">backend/tests/test_iter42.py:96: in test_search_with_lat_lng_returns_sorted_by_distance
    assert isinstance(arr, list) and len(arr) &gt; 0, f"empty results: {arr}"
E   AssertionError: empty results: []
E   assert (True and 0 &gt; 0)
E    +  where True = isinstance([], list)
E    +  and   0 = len([])</failure></testcase><testcase classname="tests.test_iter42.TestStaffCustomSpecialization" name="test_create_staff_with_custom_specialization_persists" time="0.051"><failure message="AssertionError: create failed: 422 {&quot;detail&quot;:[{&quot;type&quot;:&quot;missing&quot;,&quot;loc&quot;:[&quot;body&quot;,&quot;kind&quot;],&quot;msg&quot;:&quot;Field required&quot;,&quot;input&quot;:{&quot;name&quot;:&quot;TEST_CustomSpec_97b40148&quot;,&quot;role&quot;:&quot;doctor&quot;,&quot;specialization&quot;:&quot;Pediatric Neurosurgery (custom)&quot;,&quot;consultation_fee&quot;:500,&quot;slot_duration_min&quot;:15,&quot;active&quot;:true},&quot;url&quot;:&quot;https://errors.pydantic.dev/2.13/v/missing&quot;}]}&#10;assert 422 in (200, 201)&#10; +  where 422 = &lt;Response [422]&gt;.status_code">backend/tests/test_iter42.py:71: in test_create_staff_with_custom_specialization_persists
    assert r.status_code in (200, 201), f"create failed: {r.status_code} {r.text}"
E   AssertionError: create failed: 422 {"detail":[{"type":"missing","loc":["body","kind"],"msg":"Field required","input":{"name":"TEST_CustomSpec_97b40148","role":"doctor","specialization":"Pediatric Neurosurgery (custom)","consultation_fee":500,"slot_duration_min":15,"active":true},"url":"https://errors.pydantic.dev/2.13/v/missing"}]}
E   assert 422 in (200, 201)
E    +  where 422 = &lt;Response [422]&gt;.status_code</failure></testcase><testcase classname="tests.test_iter42.TestSearchProvidersByDistance" name="test_search_without_lat_lng_still_works" time="0.092" /><testcase classname="tests.test_iter42.TestSearchProvidersByDistance" name="test_search_with_specialization_filter" time="0.048" /></testsuite></testsuites>