<?xml version="1.0" encoding="utf-8"?><testsuites name="pytest tests"><testsuite name="pytest" errors="0" failures="3" skipped="1" tests="48" time="11.772" timestamp="2026-08-02T16:24:19.247353+00:00" hostname="agent-env-14ef8c5e-8385-4d6f-abc9-00e3d9945f1a"><testcase classname="tests.test_iter40_overrides_reminders_analytics.TestAdminLockdown" name="test_pin_login_allowed_admin_ok" time="0.239" /><testcase classname="tests.test_iter41.TestSmsSettingsReminderFields" name="test_get_returns_reminder_fields_after_put" time="0.378" /><testcase classname="tests.test_iter40_overrides_reminders_analytics.TestAdminLockdown" name="test_pin_login_blocked_admin_403" time="0.048" /><testcase classname="tests.test_iter40_overrides_reminders_analytics.TestAdminLockdown" name="test_verify_otp_blocked_admin_403" time="0.045" /><testcase classname="tests.test_iter40_overrides_reminders_analytics.TestAdminLockdown" name="test_verify_otp_allowed_admin_reaches_otp" time="0.093" /><testcase classname="tests.test_iter41.TestSmsSettingsReminderFields" name="test_put_persists_reminder_fields" time="0.468" /><testcase classname="tests.test_iter40_overrides_reminders_analytics.TestAdminLockdown" name="test_customer_role_unaffected_by_admin_lock" time="0.059" /><testcase classname="tests.test_iter40_overrides_reminders_analytics.TestOverridesIntegration" name="test_slots_closed_override" time="0.899" /><testcase classname="tests.test_iter41.TestSmsSettingsReminderFields" name="test_sms_settings_admin_only" time="0.671" /><testcase classname="tests.test_iter41.TestSmsSettingsReminderFields" name="test_sms_settings_blocked_admin_phone" time="0.045" /><testcase classname="tests.test_iter40_overrides_reminders_analytics.TestOverridesIntegration" name="test_slots_shift_override_only" time="0.226" /><testcase classname="tests.test_iter40_overrides_reminders_analytics.TestOverridesIntegration" name="test_booking_on_closed_override_fails" time="0.543" /><testcase classname="tests.test_hospital_staff_schedule.TestPerStaffAvailability" name="test_get_staff_availability_returns_only_its_rules" time="0.670" /><testcase classname="tests.test_iter40_overrides_reminders_analytics.TestOverridesIntegration" name="test_booking_on_shift_override_succeeds" time="1.124" /><testcase classname="tests.test_hospital_staff_schedule.TestPerStaffAvailability" name="test_post_and_delete_staff_rule" time="0.637" /><testcase classname="tests.test_hospital_staff_schedule.TestPerStaffAvailability" name="test_delete_staff_rule_wrong_staff_denied" time="0.403" /><testcase classname="tests.test_hospital_staff_schedule.TestPerStaffAvailability" name="test_provider_wide_availability_no_leak" time="0.105" /><testcase classname="tests.test_hospital_staff_schedule.TestSlotsScope" name="test_slots_for_cardio_monday" time="0.139"><failure message="AssertionError: assert 'override_closed' == 'staff'&#10;  &#10;  - staff&#10;  + override_closed">E   AssertionError: assert 'override_closed' == 'staff'
      
      - staff
      + override_closed</failure></testcase><testcase classname="tests.test_hospital_staff_schedule.TestSlotsScope" name="test_slots_for_neuro_monday_different_from_cardio" time="0.430" /><testcase classname="tests.test_iter42.TestCategoryNameInResponses" name="test_providers_me_endpoint_missing_regression" time="0.375" /><testcase classname="tests.test_iter42.TestCategoryNameInResponses" name="test_providers_me_profile_returns_profile" time="0.044" /><testcase classname="tests.test_iter42.TestCategoryNameInResponses" name="test_public_provider_has_category_name" time="0.555" /><testcase classname="tests.test_hospital_staff_schedule.TestSlotsScope" name="test_slots_fallback_to_hospital_default" time="0.952" /><testcase classname="tests.test_iter42.TestSearchProvidersByDistance" name="test_search_with_lat_lng_returns_sorted_by_distance" time="0.066" /><testcase classname="tests.test_iter42.TestSearchProvidersByDistance" name="test_search_without_lat_lng_still_works" time="0.047" /><testcase classname="tests.test_iter42.TestSearchProvidersByDistance" name="test_search_with_specialization_filter" time="0.047" /><testcase classname="tests.test_hospital_staff_schedule.TestAdminRegression" name="test_admin_stats" time="0.246" /><testcase classname="tests.test_hospital_staff_schedule.TestAdminRegression" name="test_admin_subscription_analytics" time="0.111" /><testcase classname="tests.test_hospital_staff_schedule.TestSlotsScope" name="test_slots_without_staff_id_is_provider_scope" time="0.096" /><testcase classname="tests.test_hospital_staff_schedule.TestAdminRegression" name="test_admin_referrals" time="0.097" /><testcase classname="tests.test_iter40_overrides_reminders_analytics.TestAdminRegression" name="test_admin_stats" time="0.403" /><testcase classname="tests.test_iter41.TestQueueMyPositionPerStaff" name="test_my_position_hospital_booking" time="0.372"><skipped type="pytest.skip" message="Customer has no active booking today; skipping per-staff wait check">/app/backend/tests/test_iter41.py:127: Customer has no active booking today; skipping per-staff wait check</skipped></testcase><testcase classname="tests.test_iter40_overrides_reminders_analytics.TestAdminRegression" name="test_admin_subscription_analytics" time="0.084" /><testcase classname="tests.test_iter41.TestQueueMyPositionPerStaff" name="test_my_position_no_booking_flow" time="0.000" /><testcase classname="tests.test_iter40_overrides_reminders_analytics.TestAdminRegression" name="test_admin_referrals" time="0.043" /><testcase classname="tests.test_iter40_overrides_reminders_analytics.TestOverridesCRUD" name="test_shift_missing_times_rejected" time="0.575" /><testcase classname="tests.test_iter40_overrides_reminders_analytics.TestAnalytics" name="test_analytics_shape" time="0.606" /><testcase classname="tests.test_iter40_overrides_reminders_analytics.TestOverridesCRUD" name="test_closed_crud_flow" time="0.239" /><testcase classname="tests.test_iter40_overrides_reminders_analytics.TestAnalytics" name="test_analytics_staff_filter" time="0.044" /><testcase classname="tests.test_iter42.TestStaffCustomSpecialization" name="test_create_staff_with_custom_specialization_persists" time="0.660" /><testcase classname="tests.test_hospital_staff_schedule.TestBookingWithStaff" name="test_booking_valid_shift_for_staff" time="0.911"><failure message="AssertionError: {&quot;detail&quot;:&quot;This day is marked unavailable by the provider&quot;}&#10;assert 400 in (200, 201)&#10; +  where 400 = &lt;Response [400]&gt;.status_code">E   AssertionError: {"detail":"This day is marked unavailable by the provider"}
    assert 400 in (200, 201)
     +  where 400 = &lt;Response [400]&gt;.status_code</failure></testcase><testcase classname="tests.test_hospital_staff_schedule.TestBookingWithStaff" name="test_booking_invalid_shift_for_staff_rejected" time="0.270"><failure message="AssertionError: Expected shift-related rejection, got {&quot;detail&quot;:&quot;This day is marked unavailable by the provider&quot;}&#10;assert 'shift' in '{&quot;detail&quot;:&quot;this day is marked unavailable by the provider&quot;}'&#10; +  where '{&quot;detail&quot;:&quot;this day is marked unavailable by the provider&quot;}' = &lt;built-in method lower of str object at 0xfed06f50ff30&gt;()&#10; +    where &lt;built-in method lower of str object at 0xfed06f50ff30&gt; = '{&quot;detail&quot;:&quot;This day is marked unavailable by the provider&quot;}'.lower&#10; +      where '{&quot;detail&quot;:&quot;This day is marked unavailable by the provider&quot;}' = &lt;Response [400]&gt;.text">E   AssertionError: Expected shift-related rejection, got {"detail":"This day is marked unavailable by the provider"}
    assert 'shift' in '{"detail":"this day is marked unavailable by the provider"}'
     +  where '{"detail":"this day is marked unavailable by the provider"}' = &lt;built-in method lower of str object at 0xfed06f50ff30&gt;()
     +    where &lt;built-in method lower of str object at 0xfed06f50ff30&gt; = '{"detail":"This day is marked unavailable by the provider"}'.lower
     +      where '{"detail":"This day is marked unavailable by the provider"}' = &lt;Response [400]&gt;.text</failure></testcase><testcase classname="tests.test_iter41.TestQueueAheadIntegration" name="test_create_bookings_and_check_ahead" time="2.781" /><testcase classname="tests.test_iter41.TestOverrideRegression" name="test_closed_override_blocks_booking" time="0.778" /><testcase classname="tests.test_iter40_overrides_reminders_analytics.TestSlotsRegression" name="test_slots_hospital_default_fallback" time="0.100" /><testcase classname="tests.test_hospital_staff_schedule.TestNonHospitalDefault" name="test_quickwheels_default_mon_sat_09_18" time="0.098" /><testcase classname="tests.test_iter41.TestAnalyticsRegression" name="test_analytics_heatmap_shape" time="0.050" /><testcase classname="tests.test_iter40_overrides_reminders_analytics.TestQueueReminders" name="test_reminder_flags_and_records" time="1.654" /></testsuite></testsuites>