<?xml version="1.0" encoding="utf-8"?><testsuites name="pytest tests"><testsuite name="pytest" errors="0" failures="1" skipped="3" tests="78" time="14.429" timestamp="2026-08-04T15:33:52.763185+00:00" hostname="agent-env-14ef8c5e-8385-4d6f-abc9-00e3d9945f1a"><testcase classname="tests.test_iter40_overrides_reminders_analytics.TestAdminLockdown" name="test_pin_login_allowed_admin_ok" time="0.370" /><testcase classname="tests.test_iter40_overrides_reminders_analytics.TestAdminLockdown" name="test_pin_login_blocked_admin_403" time="0.060" /><testcase classname="tests.test_iter43.TestServicePhoto" name="test_add_service_with_photo" time="0.507" /><testcase classname="tests.test_iter40_overrides_reminders_analytics.TestAdminLockdown" name="test_verify_otp_blocked_admin_403" time="0.068" /><testcase classname="tests.test_iter40_overrides_reminders_analytics.TestAdminLockdown" name="test_verify_otp_allowed_admin_reaches_otp" time="0.057" /><testcase classname="tests.test_iter43.TestServicePhoto" name="test_get_my_services_returns_photo" time="0.173" /><testcase classname="tests.test_iter40_overrides_reminders_analytics.TestAdminLockdown" name="test_customer_role_unaffected_by_admin_lock" time="0.052" /><testcase classname="tests.test_iter43.TestServicePhoto" name="test_public_provider_detail_includes_photo" time="0.241" /><testcase classname="tests.test_iter43.TestServicePhoto" name="test_legacy_service_without_photo_returns_none" time="0.179" /><testcase classname="tests.test_iter40_overrides_reminders_analytics.TestOverridesIntegration" name="test_slots_closed_override" time="0.535" /><testcase classname="tests.test_iter43.TestServicePhoto" name="test_cleanup" time="0.132" /><testcase classname="tests.test_iter40_overrides_reminders_analytics.TestOverridesIntegration" name="test_slots_shift_override_only" time="0.190" /><testcase classname="tests.test_iter41.TestSmsSettingsReminderFields" name="test_get_returns_reminder_fields_after_put" time="0.531" /><testcase classname="tests.test_iter40_overrides_reminders_analytics.TestOverridesIntegration" name="test_booking_on_closed_override_fails" time="0.380" /><testcase classname="tests.test_iter40_overrides_reminders_analytics.TestOverridesIntegration" name="test_booking_on_shift_override_succeeds" time="1.486" /><testcase classname="tests.test_iter41.TestSmsSettingsReminderFields" name="test_put_persists_reminder_fields" time="0.302" /><testcase classname="tests.test_iter41.TestSmsSettingsReminderFields" name="test_sms_settings_admin_only" time="0.687" /><testcase classname="tests.test_iter41.TestSmsSettingsReminderFields" name="test_sms_settings_blocked_admin_phone" time="0.058" /><testcase classname="tests.test_iter44.TestCities" name="test_returns_cities_list" time="0.117" /><testcase classname="tests.test_iter44.TestCities" name="test_default_limit_20" time="0.059" /><testcase classname="tests.test_iter44.TestCities" name="test_custom_limit_override" time="0.096" /><testcase classname="tests.test_iter44.TestCities" name="test_q_prefix_filter_case_insensitive" time="0.060" /><testcase classname="tests.test_iter44.TestReferenceFilters" name="test_no_category_returns_empty" time="0.097" /><testcase classname="tests.test_iter44.TestReferenceFilters" name="test_healthcare_returns_specializations" time="0.303" /><testcase classname="tests.test_iter44.TestReferenceFilters" name="test_automobile_returns_vehicle_service" time="0.119"><failure message="AssertionError: Spec expects 8 vehicle-service options but got 7: ['Car Wash', 'Full Detailing', 'Oil Change', 'Tyre Service', 'Denting &amp; Painting', 'General Service', 'AC Service']&#10;assert 7 == 8&#10; +  where 7 = len(['Car Wash', 'Full Detailing', 'Oil Change', 'Tyre Service', 'Denting &amp; Painting', 'General Service', ...])">E   AssertionError: Spec expects 8 vehicle-service options but got 7: ['Car Wash', 'Full Detailing', 'Oil Change', 'Tyre Service', 'Denting &amp; Painting', 'General Service', 'AC Service']
    assert 7 == 8
     +  where 7 = len(['Car Wash', 'Full Detailing', 'Oil Change', 'Tyre Service', 'Denting &amp; Painting', 'General Service', ...])</failure></testcase><testcase classname="tests.test_iter43.TestWaitHistory" name="test_endpoint_returns_expected_shape" time="0.559" /><testcase classname="tests.test_iter44.TestReferenceFilters" name="test_unknown_category_returns_empty" time="0.059" /><testcase classname="tests.test_iter44.TestSearchQ" name="test_q_cardio_surfaces_hospital" time="0.064" /><testcase classname="tests.test_iter43.TestWaitHistory" name="test_seeded_customer_avg_and_hint" time="0.125" /><testcase classname="tests.test_iter44.TestSearchQ" name="test_q_case_insensitive_lowercase" time="0.068" /><testcase classname="tests.test_iter44.TestSearchQ" name="test_q_sharma_surfaces_sharma_clinic" time="0.104" /><testcase classname="tests.test_iter43.TestWaitHistory" name="test_history_items_have_waited_min" time="0.223" /><testcase classname="tests.test_iter44.TestSearchQ" name="test_q_detailing_surfaces_via_service_name" time="0.067" /><testcase classname="tests.test_iter44.TestCombinedFilters" name="test_q_and_city" time="0.059" /><testcase classname="tests.test_iter44.TestCombinedFilters" name="test_city_only_case_insensitive" time="0.065" /><testcase classname="tests.test_iter44.TestCombinedFilters" name="test_specialization_filter" time="0.063" /><testcase classname="tests.test_iter44.TestCombinedFilters" name="test_all_filters_and_together_no_error" time="0.341" /><testcase classname="tests.test_iter43.TestWaitHistory" name="test_zero_completed_returns_null_avg" time="1.052"><skipped type="pytest.skip" message="verify-otp failed for fresh customer: 400 {&quot;detail&quot;:&quot;Invalid OTP&quot;}">/app/backend/tests/test_iter43.py:154: verify-otp failed for fresh customer: 400 {"detail":"Invalid OTP"}</skipped></testcase><testcase classname="tests.test_hospital_staff_schedule.TestSlotsScope" name="test_slots_for_cardio_monday" time="0.110" /><testcase classname="tests.test_hospital_staff_schedule.TestSlotsScope" name="test_slots_for_neuro_monday_different_from_cardio" time="0.261" /><testcase classname="tests.test_hospital_staff_schedule.TestSlotsScope" name="test_slots_fallback_to_hospital_default" time="0.988" /><testcase classname="tests.test_hospital_staff_schedule.TestPerStaffAvailability" name="test_get_staff_availability_returns_only_its_rules" time="0.520" /><testcase classname="tests.test_hospital_staff_schedule.TestPerStaffAvailability" name="test_post_and_delete_staff_rule" time="0.624" /><testcase classname="tests.test_hospital_staff_schedule.TestSlotsScope" name="test_slots_without_staff_id_is_provider_scope" time="0.112" /><testcase classname="tests.test_iter40_overrides_reminders_analytics.TestAdminRegression" name="test_admin_stats" time="0.167" /><testcase classname="tests.test_iter40_overrides_reminders_analytics.TestAdminRegression" name="test_admin_subscription_analytics" time="0.067" /><testcase classname="tests.test_iter40_overrides_reminders_analytics.TestAdminRegression" name="test_admin_referrals" time="0.054" /><testcase classname="tests.test_hospital_staff_schedule.TestPerStaffAvailability" name="test_delete_staff_rule_wrong_staff_denied" time="0.834" /><testcase classname="tests.test_iter42.TestCategoryNameInResponses" name="test_providers_me_endpoint_missing_regression" time="0.401" /><testcase classname="tests.test_iter42.TestCategoryNameInResponses" name="test_providers_me_profile_returns_profile" time="0.067" /><testcase classname="tests.test_iter42.TestCategoryNameInResponses" name="test_public_provider_has_category_name" time="0.385" /><testcase classname="tests.test_hospital_staff_schedule.TestPerStaffAvailability" name="test_provider_wide_availability_no_leak" time="0.115" /><testcase classname="tests.test_iter44.TestRegressionSmoke" name="test_providers_public_list" time="0.070" /><testcase classname="tests.test_iter44.TestRegressionSmoke" name="test_categories_public" time="0.059" /><testcase classname="tests.test_iter44.TestRegressionSmoke" name="test_healthcare_reference_unchanged" time="0.280" /><testcase classname="tests.test_iter42.TestSearchProvidersByDistance" name="test_search_with_lat_lng_returns_sorted_by_distance" time="0.399" /><testcase classname="tests.test_iter42.TestSearchProvidersByDistance" name="test_search_without_lat_lng_still_works" time="0.069" /><testcase classname="tests.test_hospital_staff_schedule.TestAdminRegression" name="test_admin_stats" time="0.243" /><testcase classname="tests.test_iter42.TestSearchProvidersByDistance" name="test_search_with_specialization_filter" time="0.059" /><testcase classname="tests.test_hospital_staff_schedule.TestAdminRegression" name="test_admin_subscription_analytics" time="0.312" /><testcase classname="tests.test_iter40_overrides_reminders_analytics.TestOverridesCRUD" name="test_shift_missing_times_rejected" time="0.429" /><testcase classname="tests.test_hospital_staff_schedule.TestAdminRegression" name="test_admin_referrals" time="0.125" /><testcase classname="tests.test_iter40_overrides_reminders_analytics.TestOverridesCRUD" name="test_closed_crud_flow" time="0.485" /><testcase classname="tests.test_iter41.TestQueueMyPositionPerStaff" name="test_my_position_hospital_booking" time="0.419"><skipped type="pytest.skip" message="Customer has no active booking today; skipping per-staff wait check">/app/backend/tests/test_iter41.py:127: Customer has no active booking today; skipping per-staff wait check</skipped></testcase><testcase classname="tests.test_iter41.TestQueueMyPositionPerStaff" name="test_my_position_no_booking_flow" time="0.000" /><testcase classname="tests.test_iter40_overrides_reminders_analytics.TestAnalytics" name="test_analytics_shape" time="0.072" /><testcase classname="tests.test_iter40_overrides_reminders_analytics.TestAnalytics" name="test_analytics_staff_filter" time="0.275" /><testcase classname="tests.test_iter43.TestBookingCompletedAt" name="test_get_bookings_completed_has_waited_min" time="0.663" /><testcase classname="tests.test_iter40_overrides_reminders_analytics.TestQueueReminders" name="test_reminder_flags_and_records" time="1.770" /><testcase classname="tests.test_iter43.TestBookingCompletedAt" name="test_put_booking_completed_stamps_completed_at" time="0.614"><skipped type="pytest.skip" message="no available slot to create test booking">/app/backend/tests/test_iter43.py:204: no available slot to create test booking</skipped></testcase><testcase classname="tests.test_hospital_staff_schedule.TestBookingWithStaff" name="test_booking_valid_shift_for_staff" time="1.288" /><testcase classname="tests.test_iter40_overrides_reminders_analytics.TestSlotsRegression" name="test_slots_hospital_default_fallback" time="0.085" /><testcase classname="tests.test_hospital_staff_schedule.TestBookingWithStaff" name="test_booking_invalid_shift_for_staff_rejected" time="0.288" /><testcase classname="tests.test_iter41.TestQueueAheadIntegration" name="test_create_bookings_and_check_ahead" time="2.050" /><testcase classname="tests.test_iter41.TestAnalyticsRegression" name="test_analytics_heatmap_shape" time="0.399" /><testcase classname="tests.test_hospital_staff_schedule.TestNonHospitalDefault" name="test_quickwheels_default_mon_sat_09_18" time="0.119" /><testcase classname="tests.test_iter41.TestOverrideRegression" name="test_closed_override_blocks_booking" time="0.265" /><testcase classname="tests.test_iter42.TestStaffCustomSpecialization" name="test_create_staff_with_custom_specialization_persists" time="0.562" /></testsuite></testsuites>