<?xml version="1.0" encoding="utf-8"?><testsuites name="pytest tests"><testsuite name="pytest" errors="0" failures="0" skipped="2" tests="11" time="3.063" timestamp="2026-08-02T16:47:17.797487+00:00" hostname="agent-env-14ef8c5e-8385-4d6f-abc9-00e3d9945f1a"><testcase classname="tests.test_iter43.TestServicePhoto" name="test_add_service_with_photo" time="0.738" /><testcase classname="tests.test_iter43.TestWaitHistory" name="test_endpoint_returns_expected_shape" time="0.864" /><testcase classname="tests.test_iter43.TestServicePhoto" name="test_get_my_services_returns_photo" time="0.183" /><testcase classname="tests.test_iter43.TestWaitHistory" name="test_seeded_customer_avg_and_hint" time="0.135" /><testcase classname="tests.test_iter43.TestServicePhoto" name="test_public_provider_detail_includes_photo" time="0.108" /><testcase classname="tests.test_iter43.TestWaitHistory" name="test_history_items_have_waited_min" time="0.101" /><testcase classname="tests.test_iter43.TestServicePhoto" name="test_legacy_service_without_photo_returns_none" time="0.112" /><testcase classname="tests.test_iter43.TestServicePhoto" name="test_cleanup" time="0.288" /><testcase classname="tests.test_iter43.TestWaitHistory" name="test_zero_completed_returns_null_avg" time="1.134"><skipped type="pytest.skip" message="verify-otp failed for fresh customer: 400 {&quot;detail&quot;:&quot;Invalid OTP&quot;}">/app/backend/tests/test_iter43.py:154: verify-otp failed for fresh customer: 400 {"detail":"Invalid OTP"}</skipped></testcase><testcase classname="tests.test_iter43.TestBookingCompletedAt" name="test_get_bookings_completed_has_waited_min" time="0.103" /><testcase classname="tests.test_iter43.TestBookingCompletedAt" name="test_put_booking_completed_stamps_completed_at" time="0.202"><skipped type="pytest.skip" message="no available slot to create test booking">/app/backend/tests/test_iter43.py:204: no available slot to create test booking</skipped></testcase></testsuite></testsuites>