<?xml version="1.0" encoding="utf-8"?><testsuites name="pytest tests"><testsuite name="pytest" errors="0" failures="0" skipped="1" tests="10" time="3.222" timestamp="2026-08-04T15:33:43.780865+00:00" hostname="agent-env-14ef8c5e-8385-4d6f-abc9-00e3d9945f1a"><testcase classname="tests.test_iter45.TestAssistantMax3" name="test_put_3_ok" time="0.812" /><testcase classname="tests.test_iter45.TestHospitalStaffBio" name="test_add_doctor_with_bio_persists" time="1.029" /><testcase classname="tests.test_iter45.TestAssistantMax3" name="test_put_4_rejected_400" time="0.372" /><testcase classname="tests.test_iter45.TestHospitalStaffBio" name="test_add_service_with_bio_persists" time="0.217" /><testcase classname="tests.test_iter45.TestAssistantMax3" name="test_put_empty_ok_clears" time="0.414" /><testcase classname="tests.test_iter45.TestAssistantMultiQueue" name="test_multi_queue_shape" time="0.696" /><testcase classname="tests.test_iter45.TestAssistantQueueNext" name="test_next_rejects_unassigned_staff" time="0.597" /><testcase classname="tests.test_iter45.TestAssistantMultiQueue" name="test_multi_queue_fallback_when_no_assignment" time="0.192" /><testcase classname="tests.test_iter45.TestHealthcareReference" name="test_provider_types_any_service_label" time="0.143" /><testcase classname="tests.test_iter45.TestAssistantQueueNext" name="test_next_completes_lowest_token" time="0.505"><skipped type="pytest.skip" message="Booking creation failed: 422 {&quot;detail&quot;:[{&quot;type&quot;:&quot;missing&quot;,&quot;loc&quot;:[&quot;body&quot;,&quot;service_id&quot;],&quot;msg&quot;:&quot;Field required&quot;,&quot;input&quot;:{&quot;provider_id&quot;:&quot;43b3a047-c937-4cf2-a707-7682ec732b34&quot;,&quot;date&quot;:&quot;2026-08-04&quot;,&quot;time&quot;:&quot;15:00&quot;,&quot;customer_name&quot;:&quot;TEST_iter45 Patient&quot;,&quot;staff_id&quot;:&quot;4723b155-43f1-4a5e-9784-4cdf2782c37b&quot;},&quot;url&quot;:&quot;https://errors.pydantic.dev/2.13/v/missing&quot;},{&quot;type&quot;:&quot;missing&quot;,&quot;loc&quot;:[&quot;body&quot;,&quot;start_time&quot;],&quot;msg&quot;:&quot;Field required&quot;,&quot;input&quot;:{&quot;provider_id&quot;:&quot;43b3a047-c937-4cf2-a707-7682ec732b34&quot;,&quot;date&quot;:&quot;2026-08-04&quot;,&quot;time&quot;:&quot;15:00&quot;,&quot;customer_name&quot;:&quot;TEST_iter45 Patient&quot;,&quot;staff_id&quot;:&quot;4723b155-43f1-4a5e-9784-4cdf2782c37b&quot;},&quot;url&quot;:&quot;https://errors.pydantic.dev/2.13/v/missing&quot;}]}">/app/backend/tests/test_iter45.py:307: Booking creation failed: 422 {"detail":[{"type":"missing","loc":["body","service_id"],"msg":"Field required","input":{"provider_id":"43b3a047-c937-4cf2-a707-7682ec732b34","date":"2026-08-04","time":"15:00","customer_name":"TEST_iter45 Patient","staff_id":"4723b155-43f1-4a5e-9784-4cdf2782c37b"},"url":"https://errors.pydantic.dev/2.13/v/missing"},{"type":"missing","loc":["body","start_time"],"msg":"Field required","input":{"provider_id":"43b3a047-c937-4cf2-a707-7682ec732b34","date":"2026-08-04","time":"15:00","customer_name":"TEST_iter45 Patient","staff_id":"4723b155-43f1-4a5e-9784-4cdf2782c37b"},"url":"https://errors.pydantic.dev/2.13/v/missing"}]}</skipped></testcase></testsuite></testsuites>