<?xml version="1.0" encoding="utf-8"?><testsuites name="pytest tests"><testsuite name="pytest" errors="0" failures="0" skipped="1" tests="9" time="2.359" timestamp="2026-08-02T12:02:06.880944+00:00" hostname="agent-env-14ef8c5e-8385-4d6f-abc9-00e3d9945f1a"><testcase classname="tests.test_iter41.TestSmsSettingsReminderFields" name="test_get_returns_reminder_fields_after_put" time="0.501" /><testcase classname="tests.test_iter41.TestQueueMyPositionPerStaff" name="test_my_position_hospital_booking" time="0.422"><skipped type="pytest.skip" message="Customer has no active booking today; skipping per-staff wait check">/app/backend/tests/test_iter41.py:127: Customer has no active booking today; skipping per-staff wait check</skipped></testcase><testcase classname="tests.test_iter41.TestQueueMyPositionPerStaff" name="test_my_position_no_booking_flow" time="0.000" /><testcase classname="tests.test_iter41.TestSmsSettingsReminderFields" name="test_put_persists_reminder_fields" time="0.373" /><testcase classname="tests.test_iter41.TestQueueAheadIntegration" name="test_create_bookings_and_check_ahead" time="1.157" /><testcase classname="tests.test_iter41.TestSmsSettingsReminderFields" name="test_sms_settings_admin_only" time="0.687" /><testcase classname="tests.test_iter41.TestSmsSettingsReminderFields" name="test_sms_settings_blocked_admin_phone" time="0.079" /><testcase classname="tests.test_iter41.TestAnalyticsRegression" name="test_analytics_heatmap_shape" time="0.048" /><testcase classname="tests.test_iter41.TestOverrideRegression" name="test_closed_override_blocks_booking" time="0.186" /></testsuite></testsuites>