<?xml version="1.0" encoding="utf-8"?><testsuites name="pytest tests"><testsuite name="pytest" errors="0" failures="1" skipped="0" tests="19" time="1.446" timestamp="2026-08-02T17:02:13.958462+00:00" hostname="agent-env-14ef8c5e-8385-4d6f-abc9-00e3d9945f1a"><testcase classname="tests.test_iter44.TestReferenceFilters" name="test_no_category_returns_empty" time="0.233" /><testcase classname="tests.test_iter44.TestCities" name="test_returns_cities_list" time="0.233" /><testcase classname="tests.test_iter44.TestCities" name="test_default_limit_20" time="0.050" /><testcase classname="tests.test_iter44.TestReferenceFilters" name="test_healthcare_returns_specializations" time="0.109" /><testcase classname="tests.test_iter44.TestCities" name="test_custom_limit_override" time="0.091" /><testcase classname="tests.test_iter44.TestReferenceFilters" name="test_automobile_returns_vehicle_service" time="0.149"><failure message="AssertionError: Spec expects 8 vehicle-service options but got 7: ['Car Wash', 'Full Detailing', 'Oil Change', 'Tyre Service', 'Denting &amp; Painting', 'General Service', 'AC Service']&#10;assert 7 == 8&#10; +  where 7 = len(['Car Wash', 'Full Detailing', 'Oil Change', 'Tyre Service', 'Denting &amp; Painting', 'General Service', ...])">backend/tests/test_iter44.py:105: in test_automobile_returns_vehicle_service
    assert len(data["options"]) == 8, (
E   AssertionError: Spec expects 8 vehicle-service options but got 7: ['Car Wash', 'Full Detailing', 'Oil Change', 'Tyre Service', 'Denting &amp; Painting', 'General Service', 'AC Service']
E   assert 7 == 8
E    +  where 7 = len(['Car Wash', 'Full Detailing', 'Oil Change', 'Tyre Service', 'Denting &amp; Painting', 'General Service', ...])</failure></testcase><testcase classname="tests.test_iter44.TestCities" name="test_q_prefix_filter_case_insensitive" time="0.042" /><testcase classname="tests.test_iter44.TestSearchQ" name="test_q_cardio_surfaces_hospital" time="0.085" /><testcase classname="tests.test_iter44.TestSearchQ" name="test_q_case_insensitive_lowercase" time="0.047" /><testcase classname="tests.test_iter44.TestReferenceFilters" name="test_unknown_category_returns_empty" time="0.091" /><testcase classname="tests.test_iter44.TestSearchQ" name="test_q_sharma_surfaces_sharma_clinic" time="0.045" /><testcase classname="tests.test_iter44.TestSearchQ" name="test_q_detailing_surfaces_via_service_name" time="0.085" /><testcase classname="tests.test_iter44.TestCombinedFilters" name="test_q_and_city" time="0.054" /><testcase classname="tests.test_iter44.TestCombinedFilters" name="test_city_only_case_insensitive" time="0.057" /><testcase classname="tests.test_iter44.TestRegressionSmoke" name="test_providers_public_list" time="0.043" /><testcase classname="tests.test_iter44.TestCombinedFilters" name="test_specialization_filter" time="0.053" /><testcase classname="tests.test_iter44.TestRegressionSmoke" name="test_categories_public" time="0.043" /><testcase classname="tests.test_iter44.TestRegressionSmoke" name="test_healthcare_reference_unchanged" time="0.042" /><testcase classname="tests.test_iter44.TestCombinedFilters" name="test_all_filters_and_together_no_error" time="0.149" /></testsuite></testsuites>