<?xml version="1.0" encoding="utf-8"?><testsuites name="pytest tests"><testsuite name="pytest" errors="0" failures="0" skipped="0" tests="18" time="3.096" timestamp="2026-08-02T11:39:55.614156+00:00" hostname="agent-env-14ef8c5e-8385-4d6f-abc9-00e3d9945f1a"><testcase classname="tests.test_iter40_overrides_reminders_analytics.TestAdminLockdown" name="test_pin_login_allowed_admin_ok" time="0.200" /><testcase classname="tests.test_iter40_overrides_reminders_analytics.TestAdminLockdown" name="test_pin_login_blocked_admin_403" time="0.227" /><testcase classname="tests.test_iter40_overrides_reminders_analytics.TestAdminLockdown" name="test_verify_otp_blocked_admin_403" time="0.248" /><testcase classname="tests.test_iter40_overrides_reminders_analytics.TestOverridesIntegration" name="test_slots_closed_override" time="0.577" /><testcase classname="tests.test_iter40_overrides_reminders_analytics.TestAdminLockdown" name="test_verify_otp_allowed_admin_reaches_otp" time="0.044" /><testcase classname="tests.test_iter40_overrides_reminders_analytics.TestOverridesIntegration" name="test_slots_shift_override_only" time="0.190" /><testcase classname="tests.test_iter40_overrides_reminders_analytics.TestAdminLockdown" name="test_customer_role_unaffected_by_admin_lock" time="0.043" /><testcase classname="tests.test_iter40_overrides_reminders_analytics.TestAdminRegression" name="test_admin_stats" time="0.277" /><testcase classname="tests.test_iter40_overrides_reminders_analytics.TestAdminRegression" name="test_admin_subscription_analytics" time="0.085" /><testcase classname="tests.test_iter40_overrides_reminders_analytics.TestOverridesIntegration" name="test_booking_on_closed_override_fails" time="0.471" /><testcase classname="tests.test_iter40_overrides_reminders_analytics.TestAdminRegression" name="test_admin_referrals" time="0.058" /><testcase classname="tests.test_iter40_overrides_reminders_analytics.TestOverridesIntegration" name="test_booking_on_shift_override_succeeds" time="0.623" /><testcase classname="tests.test_iter40_overrides_reminders_analytics.TestAnalytics" name="test_analytics_shape" time="0.309" /><testcase classname="tests.test_iter40_overrides_reminders_analytics.TestAnalytics" name="test_analytics_staff_filter" time="0.046" /><testcase classname="tests.test_iter40_overrides_reminders_analytics.TestQueueReminders" name="test_reminder_flags_and_records" time="0.708" /><testcase classname="tests.test_iter40_overrides_reminders_analytics.TestOverridesCRUD" name="test_shift_missing_times_rejected" time="0.046" /><testcase classname="tests.test_iter40_overrides_reminders_analytics.TestOverridesCRUD" name="test_closed_crud_flow" time="0.220" /><testcase classname="tests.test_iter40_overrides_reminders_analytics.TestSlotsRegression" name="test_slots_hospital_default_fallback" time="0.044" /></testsuite></testsuites>